#
# There is insufficient memory for the Java Runtime Environment to continue.
# Native memory allocation (mmap) failed to map 201326592 bytes for G1 virtual space
# Possible reasons:
#   The system is out of physical RAM or swap space
#   The process is running with CompressedOops enabled, and the Java Heap may be blocking the growth of the native heap
# Possible solutions:
#   Reduce memory load on the system
#   Increase physical memory or swap space
#   Check if swap backing store is full
#   Decrease Java heap size (-Xmx/-Xms)
#   Decrease number of Java threads
#   Decrease Java thread stack sizes (-Xss)
#   Set larger code cache with -XX:ReservedCodeCacheSize=
#   JVM is running with Zero Based Compressed Oops mode in which the Java heap is
#     placed in the first 32GB address space. The Java Heap base address is the
#     maximum limit for the native heap growth. Please use -XX:HeapBaseMinAddress
#     to set the Java Heap base and to place the Java Heap above 32GB virtual address.
# This output file may be truncated or incomplete.
#
#  Out of Memory Error (os_windows.cpp:3469), pid=16360, tid=18124
#
# JRE version:  (17.0.1+12) (build )
# Java VM: OpenJDK 64-Bit Server VM (17.0.1+12, mixed mode, sharing, tiered, compressed oops, compressed class ptrs, g1 gc, windows-amd64)
# No core dump will be written. Minidumps are not enabled by default on client versions of Windows
#

---------------  S U M M A R Y ------------

Command Line: -Dfile.encoding=Cp1252 -XX:+ShowCodeDetailsInExceptionMessages customer.Customer_Dashboard

Host: Intel(R) Core(TM) i5-8300H CPU @ 2.30GHz, 8 cores, 11G,  Windows 10 , 64 bit Build 22621 (10.0.22621.580)
Time: Wed Aug 31 16:14:52 2022 Nepal Standard Time elapsed time: 0.318312 seconds (0d 0h 0m 0s)

---------------  T H R E A D  ---------------

Current thread (0x0000019c6406b560):  JavaThread "Unknown thread" [_thread_in_vm, id=18124, stack(0x0000001776d00000,0x0000001776e00000)]

Stack: [0x0000001776d00000,0x0000001776e00000]
Native frames: (J=compiled Java code, j=interpreted, Vv=VM code, C=native code)
V  [jvm.dll+0x6744da]
V  [jvm.dll+0x82e144]
V  [jvm.dll+0x82f8ee]
V  [jvm.dll+0x82ff53]
V  [jvm.dll+0x245175]
V  [jvm.dll+0x6714c9]
V  [jvm.dll+0x665f92]
V  [jvm.dll+0x303c3b]
V  [jvm.dll+0x30b176]
V  [jvm.dll+0x35af1e]
V  [jvm.dll+0x35b14f]
V  [jvm.dll+0x2dab78]
V  [jvm.dll+0x2dbae4]
V  [jvm.dll+0x7ffdf1]
V  [jvm.dll+0x368c91]
V  [jvm.dll+0x7df2cc]
V  [jvm.dll+0x3eb59f]
V  [jvm.dll+0x3ed121]
C  [jli.dll+0x5277]
C  [ucrtbase.dll+0x29363]
C  [KERNEL32.DLL+0x1244d]
C  [ntdll.dll+0x5df78]


---------------  P R O C E S S  ---------------

Threads class SMR info:
_java_thread_list=0x00007ff9152c4e58, length=0, elements={
}

Java Threads: ( => current thread )

Other Threads:
  0x0000019c640adf70 GCTaskThread "GC Thread#0" [stack: 0x0000001776e00000,0x0000001776f00000] [id=15016]
  0x0000019c640bae50 ConcurrentGCThread "G1 Main Marker" [stack: 0x0000001776f00000,0x0000001777000000] [id=25552]
  0x0000019c640bc070 ConcurrentGCThread "G1 Conc#0" [stack: 0x0000001777000000,0x0000001777100000] [id=12776]

[error occurred during error reporting (printing all threads), id 0xc0000005, EXCEPTION_ACCESS_VIOLATION (0xc0000005) at pc=0x00007ff914a9b5f7]

VM state: not at safepoint (not fully initialized)

VM Mutex/Monitor currently owned by a thread:  ([mutex/lock_event])
[0x0000019c61f43670] Heap_lock - owner thread: 0x0000019c6406b560

Heap address: 0x0000000741c00000, size: 3044 MB, Compressed Oops mode: Zero based, Oop shift amount: 3

CDS archive(s) mapped at: [0x0000000000000000-0x0000000000000000-0x0000000000000000), size 0, SharedBaseAddress: 0x0000000800000000, ArchiveRelocationMode: 0.
Narrow klass base: 0x0000000000000000, Narrow klass shift: 0, Narrow klass range: 0x0

GC Precious Log:
<Empty>

Heap:
 garbage-first heap   total 0K, used 0K [0x0000000741c00000, 0x0000000800000000)
  region size 2048K, 0 young (0K), 0 survivors (0K)

[error occurred during error reporting (printing heap information), id 0xc0000005, EXCEPTION_ACCESS_VIOLATION (0xc0000005) at pc=0x00007ff914e7d729]

GC Heap History (0 events):
No events

Deoptimization events (0 events):
No events

Classes unloaded (0 events):
No events

Classes redefined (0 events):
No events

Internal exceptions (0 events):
No events

VM Operations (0 events):
No events

Events (1 events):
Event: 0.010 Loaded shared library D:\PCPS College\Java\eclipse\plugins\org.eclipse.justj.openjdk.hotspot.jre.full.win32.x86_64_17.0.1.v20211116-1657\jre\bin\java.dll


Dynamic libraries:
0x00007ff701590000 - 0x00007ff70159e000 	D:\PCPS College\Java\eclipse\plugins\org.eclipse.justj.openjdk.hotspot.jre.full.win32.x86_64_17.0.1.v20211116-1657\jre\bin\javaw.exe
0x00007ff97c4f0000 - 0x00007ff97c704000 	C:\WINDOWS\SYSTEM32\ntdll.dll
0x00007ff97a570000 - 0x00007ff97a632000 	C:\WINDOWS\System32\KERNEL32.DLL
0x00007ff979d00000 - 0x00007ff97a09c000 	C:\WINDOWS\System32\KERNELBASE.dll
0x00007ff979b40000 - 0x00007ff979c51000 	C:\WINDOWS\System32\ucrtbase.dll
0x00007ff9733e0000 - 0x00007ff9733f8000 	D:\PCPS College\Java\eclipse\plugins\org.eclipse.justj.openjdk.hotspot.jre.full.win32.x86_64_17.0.1.v20211116-1657\jre\bin\jli.dll
0x00007ff973400000 - 0x00007ff973419000 	D:\PCPS College\Java\eclipse\plugins\org.eclipse.justj.openjdk.hotspot.jre.full.win32.x86_64_17.0.1.v20211116-1657\jre\bin\VCRUNTIME140.dll
0x00007ff97b280000 - 0x00007ff97b42b000 	C:\WINDOWS\System32\USER32.dll
0x00007ff9603a0000 - 0x00007ff96062e000 	C:\WINDOWS\WinSxS\amd64_microsoft.windows.common-controls_6595b64144ccf1df_6.0.22621.436_none_a94247dbc10d8414\COMCTL32.dll
0x00007ff979b10000 - 0x00007ff979b36000 	C:\WINDOWS\System32\win32u.dll
0x00007ff97aa80000 - 0x00007ff97ab27000 	C:\WINDOWS\System32\msvcrt.dll
0x00007ff97ab30000 - 0x00007ff97ab59000 	C:\WINDOWS\System32\GDI32.dll
0x00007ff979930000 - 0x00007ff979a42000 	C:\WINDOWS\System32\gdi32full.dll
0x00007ff979c60000 - 0x00007ff979cfa000 	C:\WINDOWS\System32\msvcp_win.dll
0x00007ff97a430000 - 0x00007ff97a461000 	C:\WINDOWS\System32\IMM32.DLL
0x00007ff9733d0000 - 0x00007ff9733dc000 	D:\PCPS College\Java\eclipse\plugins\org.eclipse.justj.openjdk.hotspot.jre.full.win32.x86_64_17.0.1.v20211116-1657\jre\bin\vcruntime140_1.dll
0x00007ff959040000 - 0x00007ff9590d1000 	D:\PCPS College\Java\eclipse\plugins\org.eclipse.justj.openjdk.hotspot.jre.full.win32.x86_64_17.0.1.v20211116-1657\jre\bin\msvcp140.dll
0x00007ff9147b0000 - 0x00007ff9153f6000 	D:\PCPS College\Java\eclipse\plugins\org.eclipse.justj.openjdk.hotspot.jre.full.win32.x86_64_17.0.1.v20211116-1657\jre\bin\server\jvm.dll
0x00007ff97a380000 - 0x00007ff97a42e000 	C:\WINDOWS\System32\ADVAPI32.dll
0x00007ff97a470000 - 0x00007ff97a514000 	C:\WINDOWS\System32\sechost.dll
0x00007ff97a7a0000 - 0x00007ff97a8b5000 	C:\WINDOWS\System32\RPCRT4.dll
0x00007ff97b450000 - 0x00007ff97b458000 	C:\WINDOWS\System32\PSAPI.DLL
0x00007ff973260000 - 0x00007ff973269000 	C:\WINDOWS\SYSTEM32\WSOCK32.dll
0x00007ff971e90000 - 0x00007ff971ec4000 	C:\WINDOWS\SYSTEM32\WINMM.dll
0x00007ff9721e0000 - 0x00007ff9721ea000 	C:\WINDOWS\SYSTEM32\VERSION.dll
0x00007ff97c1b0000 - 0x00007ff97c221000 	C:\WINDOWS\System32\WS2_32.dll
0x00007ff978970000 - 0x00007ff978988000 	C:\WINDOWS\SYSTEM32\kernel.appcore.dll
0x00007ff9733c0000 - 0x00007ff9733ca000 	D:\PCPS College\Java\eclipse\plugins\org.eclipse.justj.openjdk.hotspot.jre.full.win32.x86_64_17.0.1.v20211116-1657\jre\bin\jimage.dll
0x00007ff977280000 - 0x00007ff9774ae000 	C:\WINDOWS\SYSTEM32\DBGHELP.DLL
0x00007ff97ac20000 - 0x00007ff97afa9000 	C:\WINDOWS\System32\combase.dll
0x00007ff97b460000 - 0x00007ff97b537000 	C:\WINDOWS\System32\OLEAUT32.dll
0x00007ff95c690000 - 0x00007ff95c6c2000 	C:\WINDOWS\SYSTEM32\dbgcore.DLL
0x00007ff97a280000 - 0x00007ff97a2fb000 	C:\WINDOWS\System32\bcryptPrimitives.dll
0x00007ff973390000 - 0x00007ff9733b5000 	D:\PCPS College\Java\eclipse\plugins\org.eclipse.justj.openjdk.hotspot.jre.full.win32.x86_64_17.0.1.v20211116-1657\jre\bin\java.dll

dbghelp: loaded successfully - version: 4.0.5 - missing functions: none
symbol engine: initialized successfully - sym options: 0x614 - pdb path: .;D:\PCPS College\Java\eclipse\plugins\org.eclipse.justj.openjdk.hotspot.jre.full.win32.x86_64_17.0.1.v20211116-1657\jre\bin;C:\WINDOWS\SYSTEM32;C:\WINDOWS\WinSxS\amd64_microsoft.windows.common-controls_6595b64144ccf1df_6.0.22621.436_none_a94247dbc10d8414;D:\PCPS College\Java\eclipse\plugins\org.eclipse.justj.openjdk.hotspot.jre.full.win32.x86_64_17.0.1.v20211116-1657\jre\bin\server

VM Arguments:
jvm_args: -Dfile.encoding=Cp1252 -XX:+ShowCodeDetailsInExceptionMessages 
java_command: customer.Customer_Dashboard
java_class_path (initial): C:\Users\Hanci\eclipse-workspace\Java-Assignment\bin;C:\Users\Hanci\eclipse-workspace\Java-Assignment\Libs\jcalendar-1.4.jar;C:\Users\Hanci\eclipse-workspace\Java-Assignment\Libs\mysql-connector-java-8.0.28.jar;C:\Users\Hanci\eclipse-workspace\Java-Assignment\Libs\panel-round.jar
Launcher Type: SUN_STANDARD

[Global flags]
     intx CICompilerCount                          = 4                                         {product} {ergonomic}
     uint ConcGCThreads                            = 2                                         {product} {ergonomic}
     uint G1ConcRefinementThreads                  = 8                                         {product} {ergonomic}
   size_t G1HeapRegionSize                         = 2097152                                   {product} {ergonomic}
    uintx GCDrainStackTargetSize                   = 64                                        {product} {ergonomic}
   size_t InitialHeapSize                          = 201326592                                 {product} {ergonomic}
   size_t MarkStackSize                            = 4194304                                   {product} {ergonomic}
   size_t MaxHeapSize                              = 3191865344                                {product} {ergonomic}
   size_t MinHeapDeltaBytes                        = 2097152                                   {product} {ergonomic}
   size_t MinHeapSize                              = 8388608                                   {product} {ergonomic}
    uintx NonNMethodCodeHeapSize                   = 5839372                                {pd product} {ergonomic}
    uintx NonProfiledCodeHeapSize                  = 122909434                              {pd product} {ergonomic}
    uintx ProfiledCodeHeapSize                     = 122909434                              {pd product} {ergonomic}
    uintx ReservedCodeCacheSize                    = 251658240                              {pd product} {ergonomic}
     bool SegmentedCodeCache                       = true                                      {product} {ergonomic}
     bool ShowCodeDetailsInExceptionMessages       = true                                   {manageable} {command line}
   size_t SoftMaxHeapSize                          = 3191865344                             {manageable} {ergonomic}
     bool UseCompressedClassPointers               = true                           {product lp64_product} {ergonomic}
     bool UseCompressedOops                        = true                           {product lp64_product} {ergonomic}
     bool UseG1GC                                  = true                                      {product} {ergonomic}
     bool UseLargePagesIndividualAllocation        = false                                  {pd product} {ergonomic}

Logging:
Log output configuration:
 #0: stdout all=warning uptime,level,tags
 #1: stderr all=off uptime,level,tags

Environment Variables:
PATH=C:/Program Files/Java/jdk-17.0.2/bin/server;C:/Program Files/Java/jdk-17.0.2/bin;C:\Program Files\Common Files\Oracle\Java\javapath;C:\Program Files (x86)\Common Files\Oracle\Java\javapath;C:\Windows\system32;C:\Windows;C:\Windows\System32\Wbem;C:\Windows\System32\WindowsPowerShell\v1.0\;C:\Windows\System32\OpenSSH\;C:\Program Files (x86)\NVIDIA Corporation\PhysX\Common;C:\Program Files\NVIDIA Corporation\NVIDIA NvDLISR;C:\Program Files\Git\cmd;C:\ProgramData\chocolatey\bin;C:\WINDOWS\system32;C:\WINDOWS;C:\WINDOWS\System32\Wbem;C:\WINDOWS\System32\WindowsPowerShell\v1.0\;C:\WINDOWS\System32\OpenSSH\;C:\xampp\mysql\bin;C:\xampp\php;C:\ProgramData\ComposerSetup\bin;C:\Program Files\nodejs\;C:\Users\Hanci\AppData\Local\Programs\Python\Python310\Scripts\;C:\Users\Hanci\AppData\Local\Programs\Python\Python310\;C:\Users\Hanci\AppData\Local\Microsoft\WindowsApps;C:\Program Files\DecSoft\HtmlCompiler;C:\Users\Hanci\AppData\Local\Programs\Microsoft VS Code\bin;C:\Program Files\JetBrains\PyCharm 2022.1.3\bin;;C:\Users\Hanci\AppData\Roaming\Composer\vendor\bin;C:\Users\Hanci\AppData\Roaming\npm;C:\WINDOWS\System32;
USERNAME=Hanci
OS=Windows_NT
PROCESSOR_IDENTIFIER=Intel64 Family 6 Model 158 Stepping 10, GenuineIntel



---------------  S Y S T E M  ---------------

OS:
 Windows 10 , 64 bit Build 22621 (10.0.22621.580)
OS uptime: 5 days 15:54 hours
Hyper-V role detected

CPU: total 8 (initial active 8) (4 cores per cpu, 2 threads per core) family 6 model 158 stepping 10 microcode 0xf0, cx8, cmov, fxsr, ht, mmx, 3dnowpref, sse, sse2, sse3, ssse3, sse4.1, sse4.2, popcnt, lzcnt, tsc, tscinvbit, avx, avx2, aes, erms, clmul, bmi1, bmi2, adx, fma, vzeroupper, clflush, clflushopt, hv

Memory: 4k page, system-wide physical 12169M (1414M free)
TotalPageFile size 40629M (AvailPageFile size 160M)
current process WorkingSet (physical memory assigned to process): 11M, peak: 11M
current process commit charge ("private bytes"): 60M, peak: 251M

vm_info: OpenJDK 64-Bit Server VM (17.0.1+12) for windows-amd64 JRE (17.0.1+12), built on Oct 20 2021 07:42:55 by "" with MS VC++ 16.7 (VS2019)

END.
